<?xml version="1.0" encoding="UTF-8"?>
<testsuite name="RectangleTest" tests="6" skipped="0" failures="0" errors="0" timestamp="2015-08-16T13:28:19" hostname="WIN-LEMSP7HBOS1" time="0.002">
  <properties/>
  <testcase name="isSquare_allSidesEqual_true" classname="RectangleTest" time="0.0"/>
  <testcase name="newRectangle_instantiatesCorrectly" classname="RectangleTest" time="0.0"/>
  <testcase name="isSquare_whenNotASquare_false" classname="RectangleTest" time="0.0"/>
  <testcase name="isSquare_whenSquare_true" classname="RectangleTest" time="0.0"/>
  <testcase name="newRectangle_setsLength" classname="RectangleTest" time="0.0"/>
  <testcase name="newRectangle_setsWidth" classname="RectangleTest" time="0.001"/>
  <system-out><![CDATA[]]></system-out>
  <system-err><![CDATA[]]></system-err>
</testsuite>
